Performing C SOURCE FILE Test C_SUPPORTS_WERROR_UNGUARDED_AVAILABILITY_NEW failed with the following output:
Change Dir: /home/buuzytrash/kt/course4/compilers-fall-lec5/src-tinylang/build/CMakeFiles/CMakeTmp

Run Build Command(s):/usr/bin/gmake -f Makefile cmTC_3f2ba/fast && /usr/bin/gmake  -f CMakeFiles/cmTC_3f2ba.dir/build.make CMakeFiles/cmTC_3f2ba.dir/build
gmake[1]: Entering directory '/home/buuzytrash/kt/course4/compilers-fall-lec5/src-tinylang/build/CMakeFiles/CMakeTmp'
Building C object CMakeFiles/cmTC_3f2ba.dir/src.c.o
/usr/bin/cc -DC_SUPPORTS_WERROR_UNGUARDED_AVAILABILITY_NEW  -fPIC -fno-semantic-interposition -Werror=date-time    -Werror -Werror=unguarded-availability-new -o CMakeFiles/cmTC_3f2ba.dir/src.c.o -c /home/buuzytrash/kt/course4/compilers-fall-lec5/src-tinylang/build/CMakeFiles/CMakeTmp/src.c
cc1: error: '-Werror=unguarded-availability-new': no option '-Wunguarded-availability-new'
gmake[1]: *** [CMakeFiles/cmTC_3f2ba.dir/build.make:78: CMakeFiles/cmTC_3f2ba.dir/src.c.o] Error 1
gmake[1]: Leaving directory '/home/buuzytrash/kt/course4/compilers-fall-lec5/src-tinylang/build/CMakeFiles/CMakeTmp'
gmake: *** [Makefile:127: cmTC_3f2ba/fast] Error 2


Source file was:
int main(void) { return 0; }
Performing C++ SOURCE FILE Test CXX_SUPPORTS_WERROR_UNGUARDED_AVAILABILITY_NEW failed with the following output:
Change Dir: /home/buuzytrash/kt/course4/compilers-fall-lec5/src-tinylang/build/CMakeFiles/CMakeTmp

Run Build Command(s):/usr/bin/gmake -f Makefile cmTC_69e9e/fast && /usr/bin/gmake  -f CMakeFiles/cmTC_69e9e.dir/build.make CMakeFiles/cmTC_69e9e.dir/build
gmake[1]: Entering directory '/home/buuzytrash/kt/course4/compilers-fall-lec5/src-tinylang/build/CMakeFiles/CMakeTmp'
Building CXX object CMakeFiles/cmTC_69e9e.dir/src.cxx.o
/usr/bin/c++ -DCXX_SUPPORTS_WERROR_UNGUARDED_AVAILABILITY_NEW  -fPIC -fno-semantic-interposition -fvisibility-inlines-hidden -Werror=date-time    -Werror -Werror=unguarded-availability-new -o CMakeFiles/cmTC_69e9e.dir/src.cxx.o -c /home/buuzytrash/kt/course4/compilers-fall-lec5/src-tinylang/build/CMakeFiles/CMakeTmp/src.cxx
cc1plus: error: '-Werror=unguarded-availability-new': no option '-Wunguarded-availability-new'
gmake[1]: *** [CMakeFiles/cmTC_69e9e.dir/build.make:78: CMakeFiles/cmTC_69e9e.dir/src.cxx.o] Error 1
gmake[1]: Leaving directory '/home/buuzytrash/kt/course4/compilers-fall-lec5/src-tinylang/build/CMakeFiles/CMakeTmp'
gmake: *** [Makefile:127: cmTC_69e9e/fast] Error 2


Source file was:
int main() { return 0; }
Performing C SOURCE FILE Test C_SUPPORTS_COVERED_SWITCH_DEFAULT_FLAG failed with the following output:
Change Dir: /home/buuzytrash/kt/course4/compilers-fall-lec5/src-tinylang/build/CMakeFiles/CMakeTmp

Run Build Command(s):/usr/bin/gmake -f Makefile cmTC_f6725/fast && /usr/bin/gmake  -f CMakeFiles/cmTC_f6725.dir/build.make CMakeFiles/cmTC_f6725.dir/build
gmake[1]: Entering directory '/home/buuzytrash/kt/course4/compilers-fall-lec5/src-tinylang/build/CMakeFiles/CMakeTmp'
Building C object CMakeFiles/cmTC_f6725.dir/src.c.o
/usr/bin/cc -DC_SUPPORTS_COVERED_SWITCH_DEFAULT_FLAG  -fPIC -fno-semantic-interposition -Werror=date-time -Wall -Wextra -Wno-unused-parameter -Wwrite-strings -Wno-missing-field-initializers -Wimplicit-fallthrough    -Werror -Wcovered-switch-default -o CMakeFiles/cmTC_f6725.dir/src.c.o -c /home/buuzytrash/kt/course4/compilers-fall-lec5/src-tinylang/build/CMakeFiles/CMakeTmp/src.c
cc: error: unrecognized command-line option '-Wcovered-switch-default'; did you mean '-Wno-switch-default'?
gmake[1]: *** [CMakeFiles/cmTC_f6725.dir/build.make:78: CMakeFiles/cmTC_f6725.dir/src.c.o] Error 1
gmake[1]: Leaving directory '/home/buuzytrash/kt/course4/compilers-fall-lec5/src-tinylang/build/CMakeFiles/CMakeTmp'
gmake: *** [Makefile:127: cmTC_f6725/fast] Error 2


Source file was:
int main(void) { return 0; }
Performing C++ SOURCE FILE Test CXX_SUPPORTS_COVERED_SWITCH_DEFAULT_FLAG failed with the following output:
Change Dir: /home/buuzytrash/kt/course4/compilers-fall-lec5/src-tinylang/build/CMakeFiles/CMakeTmp

Run Build Command(s):/usr/bin/gmake -f Makefile cmTC_9c18d/fast && /usr/bin/gmake  -f CMakeFiles/cmTC_9c18d.dir/build.make CMakeFiles/cmTC_9c18d.dir/build
gmake[1]: Entering directory '/home/buuzytrash/kt/course4/compilers-fall-lec5/src-tinylang/build/CMakeFiles/CMakeTmp'
Building CXX object CMakeFiles/cmTC_9c18d.dir/src.cxx.o
/usr/bin/c++ -DCXX_SUPPORTS_COVERED_SWITCH_DEFAULT_FLAG  -fPIC -fno-semantic-interposition -fvisibility-inlines-hidden -Werror=date-time -Wall -Wextra -Wno-unused-parameter -Wwrite-strings -Wcast-qual -Wno-missing-field-initializers -Wimplicit-fallthrough    -Werror -Wcovered-switch-default -o CMakeFiles/cmTC_9c18d.dir/src.cxx.o -c /home/buuzytrash/kt/course4/compilers-fall-lec5/src-tinylang/build/CMakeFiles/CMakeTmp/src.cxx
c++: error: unrecognized command-line option '-Wcovered-switch-default'; did you mean '-Wno-switch-default'?
gmake[1]: *** [CMakeFiles/cmTC_9c18d.dir/build.make:78: CMakeFiles/cmTC_9c18d.dir/src.cxx.o] Error 1
gmake[1]: Leaving directory '/home/buuzytrash/kt/course4/compilers-fall-lec5/src-tinylang/build/CMakeFiles/CMakeTmp'
gmake: *** [Makefile:127: cmTC_9c18d/fast] Error 2


Source file was:
int main() { return 0; }
Performing C++ SOURCE FILE Test CXX_WONT_WARN_ON_FINAL_NONVIRTUALDTOR failed with the following output:
Change Dir: /home/buuzytrash/kt/course4/compilers-fall-lec5/src-tinylang/build/CMakeFiles/CMakeTmp

Run Build Command(s):/usr/bin/gmake -f Makefile cmTC_04aa4/fast && /usr/bin/gmake  -f CMakeFiles/cmTC_04aa4.dir/build.make CMakeFiles/cmTC_04aa4.dir/build
gmake[1]: вход в каталог «/home/buuzytrash/kt/course4/compilers-fall-lec5/src-tinylang/build/CMakeFiles/CMakeTmp»
Building CXX object CMakeFiles/cmTC_04aa4.dir/src.cxx.o
/usr/bin/c++ -DCXX_WONT_WARN_ON_FINAL_NONVIRTUALDTOR  -fPIC -fno-semantic-interposition -fvisibility-inlines-hidden -Werror=date-time -Wall -Wextra -Wno-unused-parameter -Wwrite-strings -Wcast-qual -Wno-missing-field-initializers -Wimplicit-fallthrough -Wno-class-memaccess -Wno-redundant-move -Wno-pessimizing-move -Wno-noexcept-type  -Werror=non-virtual-dtor -o CMakeFiles/cmTC_04aa4.dir/src.cxx.o -c /home/buuzytrash/kt/course4/compilers-fall-lec5/src-tinylang/build/CMakeFiles/CMakeTmp/src.cxx
/home/buuzytrash/kt/course4/compilers-fall-lec5/src-tinylang/build/CMakeFiles/CMakeTmp/src.cxx:2:36: error: ‘class base’ has virtual functions and accessible non-virtual destructor [-Werror=non-virtual-dtor]
    2 |                              class base {friend f; public: virtual void anchor();protected: ~base();};
      |                                    ^~~~
cc1plus: some warnings being treated as errors
gmake[1]: *** [CMakeFiles/cmTC_04aa4.dir/build.make:78: CMakeFiles/cmTC_04aa4.dir/src.cxx.o] Ошибка 1
gmake[1]: выход из каталога «/home/buuzytrash/kt/course4/compilers-fall-lec5/src-tinylang/build/CMakeFiles/CMakeTmp»
gmake: *** [Makefile:127: cmTC_04aa4/fast] Ошибка 2


Source file was:
class f {};
                             class base {friend f; public: virtual void anchor();protected: ~base();};
                             int main() { return 0; }
Performing C SOURCE FILE Test C_WCOMMENT_ALLOWS_LINE_WRAP failed with the following output:
Change Dir: /home/buuzytrash/kt/course4/compilers-fall-lec5/src-tinylang/build/CMakeFiles/CMakeTmp

Run Build Command(s):/usr/bin/gmake -f Makefile cmTC_f82e4/fast && /usr/bin/gmake  -f CMakeFiles/cmTC_f82e4.dir/build.make CMakeFiles/cmTC_f82e4.dir/build
gmake[1]: вход в каталог «/home/buuzytrash/kt/course4/compilers-fall-lec5/src-tinylang/build/CMakeFiles/CMakeTmp»
Building C object CMakeFiles/cmTC_f82e4.dir/src.c.o
/usr/bin/cc -DC_WCOMMENT_ALLOWS_LINE_WRAP  -fPIC -fno-semantic-interposition -Werror=date-time -Wall -Wextra -Wno-unused-parameter -Wwrite-strings -Wno-missing-field-initializers -Wimplicit-fallthrough  -Werror -Wcomment -o CMakeFiles/cmTC_f82e4.dir/src.c.o -c /home/buuzytrash/kt/course4/compilers-fall-lec5/src-tinylang/build/CMakeFiles/CMakeTmp/src.c
/home/buuzytrash/kt/course4/compilers-fall-lec5/src-tinylang/build/CMakeFiles/CMakeTmp/src.c:1:1: error: multi-line comment [-Werror=comment]
    1 | // \
      | ^
cc1: all warnings being treated as errors
gmake[1]: *** [CMakeFiles/cmTC_f82e4.dir/build.make:78: CMakeFiles/cmTC_f82e4.dir/src.c.o] Ошибка 1
gmake[1]: выход из каталога «/home/buuzytrash/kt/course4/compilers-fall-lec5/src-tinylang/build/CMakeFiles/CMakeTmp»
gmake: *** [Makefile:127: cmTC_f82e4/fast] Ошибка 2


Source file was:
// \
//
int main() {return 0;}
Performing C SOURCE FILE Test C_SUPPORTS_STRING_CONVERSION_FLAG failed with the following output:
Change Dir: /home/buuzytrash/kt/course4/compilers-fall-lec5/src-tinylang/build/CMakeFiles/CMakeTmp

Run Build Command(s):/usr/bin/gmake -f Makefile cmTC_a9460/fast && /usr/bin/gmake  -f CMakeFiles/cmTC_a9460.dir/build.make CMakeFiles/cmTC_a9460.dir/build
gmake[1]: Entering directory '/home/buuzytrash/kt/course4/compilers-fall-lec5/src-tinylang/build/CMakeFiles/CMakeTmp'
Building C object CMakeFiles/cmTC_a9460.dir/src.c.o
/usr/bin/cc -DC_SUPPORTS_STRING_CONVERSION_FLAG  -fPIC -fno-semantic-interposition -Werror=date-time -Wall -Wextra -Wno-unused-parameter -Wwrite-strings -Wno-missing-field-initializers -Wimplicit-fallthrough -Wno-comment    -Werror -Wstring-conversion -o CMakeFiles/cmTC_a9460.dir/src.c.o -c /home/buuzytrash/kt/course4/compilers-fall-lec5/src-tinylang/build/CMakeFiles/CMakeTmp/src.c
cc: error: unrecognized command-line option '-Wstring-conversion'; did you mean '-Wsign-conversion'?
gmake[1]: *** [CMakeFiles/cmTC_a9460.dir/build.make:78: CMakeFiles/cmTC_a9460.dir/src.c.o] Error 1
gmake[1]: Leaving directory '/home/buuzytrash/kt/course4/compilers-fall-lec5/src-tinylang/build/CMakeFiles/CMakeTmp'
gmake: *** [Makefile:127: cmTC_a9460/fast] Error 2


Source file was:
int main(void) { return 0; }
Performing C++ SOURCE FILE Test CXX_SUPPORTS_STRING_CONVERSION_FLAG failed with the following output:
Change Dir: /home/buuzytrash/kt/course4/compilers-fall-lec5/src-tinylang/build/CMakeFiles/CMakeTmp

Run Build Command(s):/usr/bin/gmake -f Makefile cmTC_10743/fast && /usr/bin/gmake  -f CMakeFiles/cmTC_10743.dir/build.make CMakeFiles/cmTC_10743.dir/build
gmake[1]: Entering directory '/home/buuzytrash/kt/course4/compilers-fall-lec5/src-tinylang/build/CMakeFiles/CMakeTmp'
Building CXX object CMakeFiles/cmTC_10743.dir/src.cxx.o
/usr/bin/c++ -DCXX_SUPPORTS_STRING_CONVERSION_FLAG  -fPIC -fno-semantic-interposition -fvisibility-inlines-hidden -Werror=date-time -Wall -Wextra -Wno-unused-parameter -Wwrite-strings -Wcast-qual -Wno-missing-field-initializers -Wimplicit-fallthrough -Wno-class-memaccess -Wno-redundant-move -Wno-pessimizing-move -Wno-noexcept-type -Wdelete-non-virtual-dtor -Wsuggest-override -Wno-comment    -Werror -Wstring-conversion -o CMakeFiles/cmTC_10743.dir/src.cxx.o -c /home/buuzytrash/kt/course4/compilers-fall-lec5/src-tinylang/build/CMakeFiles/CMakeTmp/src.cxx
c++: error: unrecognized command-line option '-Wstring-conversion'; did you mean '-Wsign-conversion'?
gmake[1]: *** [CMakeFiles/cmTC_10743.dir/build.make:78: CMakeFiles/cmTC_10743.dir/src.cxx.o] Error 1
gmake[1]: Leaving directory '/home/buuzytrash/kt/course4/compilers-fall-lec5/src-tinylang/build/CMakeFiles/CMakeTmp'
gmake: *** [Makefile:127: cmTC_10743/fast] Error 2


Source file was:
int main() { return 0; }
Determining if the os_signpost_interval_begin exist failed with the following output:
Change Dir: /home/buuzytrash/kt/course4/compilers-fall-lec5/src-tinylang/build/CMakeFiles/CMakeTmp

Run Build Command(s):/usr/bin/gmake -f Makefile cmTC_453c1/fast && /usr/bin/gmake  -f CMakeFiles/cmTC_453c1.dir/build.make CMakeFiles/cmTC_453c1.dir/build
gmake[1]: вход в каталог «/home/buuzytrash/kt/course4/compilers-fall-lec5/src-tinylang/build/CMakeFiles/CMakeTmp»
Building C object CMakeFiles/cmTC_453c1.dir/CheckSymbolExists.c.o
/usr/bin/cc   -fPIC -fno-semantic-interposition -Wall -Wextra -Wno-unused-parameter -Wwrite-strings -Wno-missing-field-initializers -Wimplicit-fallthrough -Wno-comment -Wmisleading-indentation -ffunction-sections -fdata-sections  -o CMakeFiles/cmTC_453c1.dir/CheckSymbolExists.c.o -c /home/buuzytrash/kt/course4/compilers-fall-lec5/src-tinylang/build/CMakeFiles/CMakeTmp/CheckSymbolExists.c
/home/buuzytrash/kt/course4/compilers-fall-lec5/src-tinylang/build/CMakeFiles/CMakeTmp/CheckSymbolExists.c:2:10: fatal error: os/signpost.h: Нет такого файла или каталога
    2 | #include <os/signpost.h>
      |          ^~~~~~~~~~~~~~~
compilation terminated.
gmake[1]: *** [CMakeFiles/cmTC_453c1.dir/build.make:78: CMakeFiles/cmTC_453c1.dir/CheckSymbolExists.c.o] Ошибка 1
gmake[1]: выход из каталога «/home/buuzytrash/kt/course4/compilers-fall-lec5/src-tinylang/build/CMakeFiles/CMakeTmp»
gmake: *** [Makefile:127: cmTC_453c1/fast] Ошибка 2


File /home/buuzytrash/kt/course4/compilers-fall-lec5/src-tinylang/build/CMakeFiles/CMakeTmp/CheckSymbolExists.c:
/* */
#include <os/signpost.h>

int main(int argc, char** argv)
{
  (void)argv;
#ifndef os_signpost_interval_begin
  return ((int*)(&os_signpost_interval_begin))[argc];
#else
  (void)argc;
  return 0;
#endif
}
