Performing C SOURCE FILE Test C_SUPPORTS_WERROR_UNGUARDED_AVAILABILITY_NEW failed with the following output:
Change Dir: /home/buuzytrash/kt/course4/compilers-fall-lec6/callprofiler/build/CMakeFiles/CMakeTmp

Run Build Command(s):/usr/bin/gmake -f Makefile cmTC_b1170/fast && /usr/bin/gmake  -f CMakeFiles/cmTC_b1170.dir/build.make CMakeFiles/cmTC_b1170.dir/build
gmake[1]: Entering directory '/home/buuzytrash/kt/course4/compilers-fall-lec6/callprofiler/build/CMakeFiles/CMakeTmp'
Building C object CMakeFiles/cmTC_b1170.dir/src.c.o
/usr/bin/cc -DC_SUPPORTS_WERROR_UNGUARDED_AVAILABILITY_NEW  -fPIC -fno-semantic-interposition -Werror=date-time    -Werror -Werror=unguarded-availability-new -o CMakeFiles/cmTC_b1170.dir/src.c.o -c /home/buuzytrash/kt/course4/compilers-fall-lec6/callprofiler/build/CMakeFiles/CMakeTmp/src.c
cc1: error: '-Werror=unguarded-availability-new': no option '-Wunguarded-availability-new'
gmake[1]: *** [CMakeFiles/cmTC_b1170.dir/build.make:78: CMakeFiles/cmTC_b1170.dir/src.c.o] Error 1
gmake[1]: Leaving directory '/home/buuzytrash/kt/course4/compilers-fall-lec6/callprofiler/build/CMakeFiles/CMakeTmp'
gmake: *** [Makefile:127: cmTC_b1170/fast] Error 2


Source file was:
int main(void) { return 0; }
Performing C++ SOURCE FILE Test CXX_SUPPORTS_CMAKE_CXX_FLAGS failed with the following output:
Change Dir: /home/buuzytrash/kt/course4/compilers-fall-lec6/callprofiler/build/CMakeFiles/CMakeTmp

Run Build Command(s):/usr/bin/gmake -f Makefile cmTC_e01a2/fast && /usr/bin/gmake  -f CMakeFiles/cmTC_e01a2.dir/build.make CMakeFiles/cmTC_e01a2.dir/build
gmake[1]: Entering directory '/home/buuzytrash/kt/course4/compilers-fall-lec6/callprofiler/build/CMakeFiles/CMakeTmp'
Building CXX object CMakeFiles/cmTC_e01a2.dir/src.cxx.o
/usr/lib/llvm-18/bin/clang++ -DCXX_SUPPORTS_CMAKE_CXX_FLAGS  -fPIC -fno-semantic-interposition -fvisibility-inlines-hidden -Werror=date-time -Werror=unguarded-availability-new    -Werror -fno-lifetime-dse -MD -MT CMakeFiles/cmTC_e01a2.dir/src.cxx.o -MF CMakeFiles/cmTC_e01a2.dir/src.cxx.o.d -o CMakeFiles/cmTC_e01a2.dir/src.cxx.o -c /home/buuzytrash/kt/course4/compilers-fall-lec6/callprofiler/build/CMakeFiles/CMakeTmp/src.cxx
clang++: error: unknown argument: '-fno-lifetime-dse'
gmake[1]: *** [CMakeFiles/cmTC_e01a2.dir/build.make:79: CMakeFiles/cmTC_e01a2.dir/src.cxx.o] Error 1
gmake[1]: Leaving directory '/home/buuzytrash/kt/course4/compilers-fall-lec6/callprofiler/build/CMakeFiles/CMakeTmp'
gmake: *** [Makefile:127: cmTC_e01a2/fast] Error 2


Source file was:
int main() { return 0; }
Performing C SOURCE FILE Test C_SUPPORTS_COVERED_SWITCH_DEFAULT_FLAG failed with the following output:
Change Dir: /home/buuzytrash/kt/course4/compilers-fall-lec6/callprofiler/build/CMakeFiles/CMakeTmp

Run Build Command(s):/usr/bin/gmake -f Makefile cmTC_f6d12/fast && /usr/bin/gmake  -f CMakeFiles/cmTC_f6d12.dir/build.make CMakeFiles/cmTC_f6d12.dir/build
gmake[1]: Entering directory '/home/buuzytrash/kt/course4/compilers-fall-lec6/callprofiler/build/CMakeFiles/CMakeTmp'
Building C object CMakeFiles/cmTC_f6d12.dir/src.c.o
/usr/bin/cc -DC_SUPPORTS_COVERED_SWITCH_DEFAULT_FLAG  -fPIC -fno-semantic-interposition -Werror=date-time -fno-lifetime-dse -Wall -Wextra -Wno-unused-parameter -Wwrite-strings -Wcast-qual -Wmissing-field-initializers -Wimplicit-fallthrough    -Werror -Wcovered-switch-default -o CMakeFiles/cmTC_f6d12.dir/src.c.o -c /home/buuzytrash/kt/course4/compilers-fall-lec6/callprofiler/build/CMakeFiles/CMakeTmp/src.c
cc: error: unrecognized command-line option '-Wcovered-switch-default'; did you mean '-Wno-switch-default'?
gmake[1]: *** [CMakeFiles/cmTC_f6d12.dir/build.make:78: CMakeFiles/cmTC_f6d12.dir/src.c.o] Error 1
gmake[1]: Leaving directory '/home/buuzytrash/kt/course4/compilers-fall-lec6/callprofiler/build/CMakeFiles/CMakeTmp'
gmake: *** [Makefile:127: cmTC_f6d12/fast] Error 2


Source file was:
int main(void) { return 0; }
Performing C++ SOURCE FILE Test CXX_SUPPORTS_CLASS_MEMACCESS_FLAG failed with the following output:
Change Dir: /home/buuzytrash/kt/course4/compilers-fall-lec6/callprofiler/build/CMakeFiles/CMakeTmp

Run Build Command(s):/usr/bin/gmake -f Makefile cmTC_6943d/fast && /usr/bin/gmake  -f CMakeFiles/cmTC_6943d.dir/build.make CMakeFiles/cmTC_6943d.dir/build
gmake[1]: Entering directory '/home/buuzytrash/kt/course4/compilers-fall-lec6/callprofiler/build/CMakeFiles/CMakeTmp'
Building CXX object CMakeFiles/cmTC_6943d.dir/src.cxx.o
/usr/lib/llvm-18/bin/clang++ -DCXX_SUPPORTS_CLASS_MEMACCESS_FLAG  -fPIC -fno-semantic-interposition -fvisibility-inlines-hidden -Werror=date-time -Werror=unguarded-availability-new -Wall -Wextra -Wno-unused-parameter -Wwrite-strings -Wcast-qual -Wmissing-field-initializers -Wimplicit-fallthrough -Wcovered-switch-default    -Wclass-memaccess -MD -MT CMakeFiles/cmTC_6943d.dir/src.cxx.o -MF CMakeFiles/cmTC_6943d.dir/src.cxx.o.d -o CMakeFiles/cmTC_6943d.dir/src.cxx.o -c /home/buuzytrash/kt/course4/compilers-fall-lec6/callprofiler/build/CMakeFiles/CMakeTmp/src.cxx
warning: unknown warning option '-Wclass-memaccess'; did you mean '-Wclass-varargs'? [-Wunknown-warning-option]
1 warning generated.
Linking CXX executable cmTC_6943d
/usr/bin/cmake -E cmake_link_script CMakeFiles/cmTC_6943d.dir/link.txt --verbose=1
/usr/lib/llvm-18/bin/clang++  -fPIC -fno-semantic-interposition -fvisibility-inlines-hidden -Werror=date-time -Werror=unguarded-availability-new -Wall -Wextra -Wno-unused-parameter -Wwrite-strings -Wcast-qual -Wmissing-field-initializers -Wimplicit-fallthrough -Wcovered-switch-default  CMakeFiles/cmTC_6943d.dir/src.cxx.o -o cmTC_6943d 
gmake[1]: Leaving directory '/home/buuzytrash/kt/course4/compilers-fall-lec6/callprofiler/build/CMakeFiles/CMakeTmp'


Source file was:
int main() { return 0; }
Performing C SOURCE FILE Test C_WCOMMENT_ALLOWS_LINE_WRAP failed with the following output:
Change Dir: /home/buuzytrash/kt/course4/compilers-fall-lec6/callprofiler/build/CMakeFiles/CMakeTmp

Run Build Command(s):/usr/bin/gmake -f Makefile cmTC_5e30f/fast && /usr/bin/gmake  -f CMakeFiles/cmTC_5e30f.dir/build.make CMakeFiles/cmTC_5e30f.dir/build
gmake[1]: вход в каталог «/home/buuzytrash/kt/course4/compilers-fall-lec6/callprofiler/build/CMakeFiles/CMakeTmp»
Building C object CMakeFiles/cmTC_5e30f.dir/src.c.o
/usr/bin/cc -DC_WCOMMENT_ALLOWS_LINE_WRAP  -fPIC -fno-semantic-interposition -Werror=date-time -fno-lifetime-dse -Wall -Wextra -Wno-unused-parameter -Wwrite-strings -Wcast-qual -Wmissing-field-initializers -Wimplicit-fallthrough  -Werror -Wcomment -o CMakeFiles/cmTC_5e30f.dir/src.c.o -c /home/buuzytrash/kt/course4/compilers-fall-lec6/callprofiler/build/CMakeFiles/CMakeTmp/src.c
/home/buuzytrash/kt/course4/compilers-fall-lec6/callprofiler/build/CMakeFiles/CMakeTmp/src.c:1:1: error: multi-line comment [-Werror=comment]
    1 | // \
      | ^
cc1: all warnings being treated as errors
gmake[1]: *** [CMakeFiles/cmTC_5e30f.dir/build.make:78: CMakeFiles/cmTC_5e30f.dir/src.c.o] Ошибка 1
gmake[1]: выход из каталога «/home/buuzytrash/kt/course4/compilers-fall-lec6/callprofiler/build/CMakeFiles/CMakeTmp»
gmake: *** [Makefile:127: cmTC_5e30f/fast] Ошибка 2


Source file was:
// \
//
int main(void) {return 0;}
Performing C SOURCE FILE Test C_SUPPORTS_STRING_CONVERSION_FLAG failed with the following output:
Change Dir: /home/buuzytrash/kt/course4/compilers-fall-lec6/callprofiler/build/CMakeFiles/CMakeTmp

Run Build Command(s):/usr/bin/gmake -f Makefile cmTC_a1d90/fast && /usr/bin/gmake  -f CMakeFiles/cmTC_a1d90.dir/build.make CMakeFiles/cmTC_a1d90.dir/build
gmake[1]: Entering directory '/home/buuzytrash/kt/course4/compilers-fall-lec6/callprofiler/build/CMakeFiles/CMakeTmp'
Building C object CMakeFiles/cmTC_a1d90.dir/src.c.o
/usr/bin/cc -DC_SUPPORTS_STRING_CONVERSION_FLAG  -fPIC -fno-semantic-interposition -Werror=date-time -fno-lifetime-dse -Wall -Wextra -Wno-unused-parameter -Wwrite-strings -Wcast-qual -Wmissing-field-initializers -Wimplicit-fallthrough -Wno-comment    -Werror -Wstring-conversion -o CMakeFiles/cmTC_a1d90.dir/src.c.o -c /home/buuzytrash/kt/course4/compilers-fall-lec6/callprofiler/build/CMakeFiles/CMakeTmp/src.c
cc: error: unrecognized command-line option '-Wstring-conversion'; did you mean '-Wsign-conversion'?
gmake[1]: *** [CMakeFiles/cmTC_a1d90.dir/build.make:78: CMakeFiles/cmTC_a1d90.dir/src.c.o] Error 1
gmake[1]: Leaving directory '/home/buuzytrash/kt/course4/compilers-fall-lec6/callprofiler/build/CMakeFiles/CMakeTmp'
gmake: *** [Makefile:127: cmTC_a1d90/fast] Error 2


Source file was:
int main(void) { return 0; }
Performing C SOURCE FILE Test C_SUPPORTS_CTAD_MAYBE_UNSPPORTED_FLAG failed with the following output:
Change Dir: /home/buuzytrash/kt/course4/compilers-fall-lec6/callprofiler/build/CMakeFiles/CMakeTmp

Run Build Command(s):/usr/bin/gmake -f Makefile cmTC_d94e8/fast && /usr/bin/gmake  -f CMakeFiles/cmTC_d94e8.dir/build.make CMakeFiles/cmTC_d94e8.dir/build
gmake[1]: Entering directory '/home/buuzytrash/kt/course4/compilers-fall-lec6/callprofiler/build/CMakeFiles/CMakeTmp'
Building C object CMakeFiles/cmTC_d94e8.dir/src.c.o
/usr/bin/cc -DC_SUPPORTS_CTAD_MAYBE_UNSPPORTED_FLAG  -fPIC -fno-semantic-interposition -Werror=date-time -fno-lifetime-dse -Wall -Wextra -Wno-unused-parameter -Wwrite-strings -Wcast-qual -Wmissing-field-initializers -Wimplicit-fallthrough -Wno-comment -Wmisleading-indentation    -Werror -Wctad-maybe-unsupported -o CMakeFiles/cmTC_d94e8.dir/src.c.o -c /home/buuzytrash/kt/course4/compilers-fall-lec6/callprofiler/build/CMakeFiles/CMakeTmp/src.c
cc1: error: command-line option '-Wctad-maybe-unsupported' is valid for C++/ObjC++ but not for C [-Werror]
cc1: all warnings being treated as errors
gmake[1]: *** [CMakeFiles/cmTC_d94e8.dir/build.make:78: CMakeFiles/cmTC_d94e8.dir/src.c.o] Error 1
gmake[1]: Leaving directory '/home/buuzytrash/kt/course4/compilers-fall-lec6/callprofiler/build/CMakeFiles/CMakeTmp'
gmake: *** [Makefile:127: cmTC_d94e8/fast] Error 2


Source file was:
int main(void) { return 0; }
Determining if the os_signpost_interval_begin exist failed with the following output:
Change Dir: /home/buuzytrash/kt/course4/compilers-fall-lec6/callprofiler/build/CMakeFiles/CMakeTmp

Run Build Command(s):/usr/bin/gmake -f Makefile cmTC_09bc3/fast && /usr/bin/gmake  -f CMakeFiles/cmTC_09bc3.dir/build.make CMakeFiles/cmTC_09bc3.dir/build
gmake[1]: вход в каталог «/home/buuzytrash/kt/course4/compilers-fall-lec6/callprofiler/build/CMakeFiles/CMakeTmp»
Building C object CMakeFiles/cmTC_09bc3.dir/CheckSymbolExists.c.o
/usr/bin/cc   -fPIC -fno-semantic-interposition -fno-lifetime-dse -Wall -Wextra -Wno-unused-parameter -Wwrite-strings -Wcast-qual -Wmissing-field-initializers -Wimplicit-fallthrough -Wno-comment -Wmisleading-indentation -ffunction-sections -fdata-sections  -o CMakeFiles/cmTC_09bc3.dir/CheckSymbolExists.c.o -c /home/buuzytrash/kt/course4/compilers-fall-lec6/callprofiler/build/CMakeFiles/CMakeTmp/CheckSymbolExists.c
/home/buuzytrash/kt/course4/compilers-fall-lec6/callprofiler/build/CMakeFiles/CMakeTmp/CheckSymbolExists.c:2:10: fatal error: os/signpost.h: Нет такого файла или каталога
    2 | #include <os/signpost.h>
      |          ^~~~~~~~~~~~~~~
compilation terminated.
gmake[1]: *** [CMakeFiles/cmTC_09bc3.dir/build.make:78: CMakeFiles/cmTC_09bc3.dir/CheckSymbolExists.c.o] Ошибка 1
gmake[1]: выход из каталога «/home/buuzytrash/kt/course4/compilers-fall-lec6/callprofiler/build/CMakeFiles/CMakeTmp»
gmake: *** [Makefile:127: cmTC_09bc3/fast] Ошибка 2


File /home/buuzytrash/kt/course4/compilers-fall-lec6/callprofiler/build/CMakeFiles/CMakeTmp/CheckSymbolExists.c:
/* */
#include <os/signpost.h>

int main(int argc, char** argv)
{
  (void)argv;
#ifndef os_signpost_interval_begin
  return ((int*)(&os_signpost_interval_begin))[argc];
#else
  (void)argc;
  return 0;
#endif
}
